This is pdfTeX, Version 3.14159265-2.6-1.40.20 (TeX Live 2019) (preloaded format=pdflatex 2019.8.9)  3 DEC 2021 23:03
entering extended mode
 restricted \write18 enabled.
 %&-line parsing enabled.
**begin.tex
(./begin.tex
LaTeX2e <2018-12-01>

! LaTeX Error: Environment titlepage undefined.

See the LaTeX manual or LaTeX Companion for explanation.
Type  H <return>  for immediate help.
 ...                                              
                                                  
l.1 \begin{titlepage}
                     
Your command was ignored.
Type  I <command> <return>  to replace it with another command,
or  <return>  to continue without it.


! LaTeX Error: Missing \begin{document}.

See the LaTeX manual or LaTeX Companion for explanation.
Type  H <return>  for immediate help.
 ...                                              
                                                  
l.3 \noindent
             
You're in trouble here.  Try typing  <return>  to proceed.
If that doesn't work, type  X <return>  to quit.

! Undefined control sequence.
l.9 	\setstretch
                {1.42}
The control sequence at the end of the top line
of your error message was never \def'ed. If you have
misspelled it (e.g., `\hobx'), type `I' and the correct
spelling (e.g., `I\hbox'). Otherwise just continue,
and I'll forget about whatever was undefined.

Missing character: There is no 1 in font nullfont!
Missing character: There is no . in font nullfont!
Missing character: There is no 4 in font nullfont!
Missing character: There is no 2 in font nullfont!

Underfull \hbox (badness 10000) in paragraph at lines 9--14

 []


Overfull \hbox (6635.49998pt too wide) in paragraph at lines 3--17
[] 
 []


! LaTeX Error: Missing \begin{document}.

See the LaTeX manual or LaTeX Companion for explanation.
Type  H <return>  for immediate help.
 ...                                              
                                                  
l.20 \begin{center}
                   
You're in trouble here.  Try typing  <return>  to proceed.
If that doesn't work, type  X <return>  to quit.


Overfull \hbox (20.0pt too wide) in paragraph at lines 20--20
[] 
 []

! Undefined control sequence.
l.21 	{\LARGE
             {
The control sequence at the end of the top line
of your error message was never \def'ed. If you have
misspelled it (e.g., `\hobx'), type `I' and the correct
spelling (e.g., `I\hbox'). Otherwise just continue,
and I'll forget about whatever was undefined.

! Undefined control sequence.
l.22 			\setstretch
                   {1.2}
The control sequence at the end of the top line
of your error message was never \def'ed. If you have
misspelled it (e.g., `\hobx'), type `I' and the correct
spelling (e.g., `I\hbox'). Otherwise just continue,
and I'll forget about whatever was undefined.

Missing character: There is no 1 in font nullfont!
Missing character: There is no . in font nullfont!
Missing character: There is no 2 in font nullfont!

Overfull \hbox (43.33308pt too wide) in paragraph at lines 22--23
 \OT1/cmr/bx/n/10 Indagine 
 []


Overfull \hbox (24.0624pt too wide) in paragraph at lines 22--23
 \OT1/cmr/bx/n/10 teor- 
 []


Overfull \hbox (13.89574pt too wide) in paragraph at lines 22--23
 \OT1/cmr/bx/n/10 ica 
 []


Overfull \hbox (5.27081pt too wide) in paragraph at lines 22--23
 \OT1/cmr/bx/n/10 e 
 []


Overfull \hbox (25.0846pt too wide) in paragraph at lines 22--23
 \OT1/cmr/bx/n/10 sper- 
 []


Overfull \hbox (7.02774pt too wide) in paragraph at lines 22--23
 \OT1/cmr/bx/n/10 i- 
 []


Overfull \hbox (25.07626pt too wide) in paragraph at lines 22--23
 \OT1/cmr/bx/n/10 men- 
 []


Overfull \hbox (18.52766pt too wide) in paragraph at lines 22--23
 \OT1/cmr/bx/n/10 tale 
 []


Overfull \hbox (14.11935pt too wide) in paragraph at lines 22--23
 \OT1/cmr/bx/n/10 sul 
 []


Overfull \hbox (21.08322pt too wide) in paragraph at lines 22--23
 \OT1/cmr/bx/n/10 con- 
 []


Overfull \hbox (27.09709pt too wide) in paragraph at lines 22--23
 \OT1/cmr/bx/n/10 trollo 
 []


Overfull \hbox (20.60406pt too wide) in paragraph at lines 22--23
 \OT1/cmr/bx/n/10 cen- 
 []


Overfull \hbox (21.82626pt too wide) in paragraph at lines 22--23
 \OT1/cmr/bx/n/10 tral- 
 []


Overfull \hbox (12.13882pt too wide) in paragraph at lines 22--23
 \OT1/cmr/bx/n/10 iz- 
 []


Overfull \hbox (20.92348pt too wide) in paragraph at lines 22--23
 \OT1/cmr/bx/n/10 zato 
 []


Overfull \hbox (16.71521pt too wide) in paragraph at lines 22--23
 \OT1/cmr/bx/n/10 per 
 []


Overfull \hbox (12.77771pt too wide) in paragraph at lines 22--23
 \OT1/cmr/bx/n/10 un 
 []


Overfull \hbox (19.00682pt too wide) in paragraph at lines 22--23
 \OT1/cmr/bx/n/10 ma- 
 []


Overfull \hbox (25.87486pt too wide) in paragraph at lines 22--23
 \OT1/cmr/bx/n/10 nipo- 
 []


Overfull \hbox (12.61797pt too wide) in paragraph at lines 22--23
 \OT1/cmr/bx/n/10 la- 
 []


Overfull \hbox (20.22908pt too wide) in paragraph at lines 22--23
 \OT1/cmr/bx/n/10 tore 
 []


Overfull \hbox (5.59023pt too wide) in paragraph at lines 22--23
 \OT1/cmr/bx/n/10 a 
 []


Overfull \hbox (18.52768pt too wide) in paragraph at lines 22--23
 \OT1/cmr/bx/n/10 cin- 
 []


Overfull \hbox (9.10413pt too wide) in paragraph at lines 22--23
 \OT1/cmr/bx/n/10 e- 
 []


Overfull \hbox (23.47902pt too wide) in paragraph at lines 22--23
 \OT1/cmr/bx/n/10 mat- 
 []


Overfull \hbox (13.89574pt too wide) in paragraph at lines 22--23
 \OT1/cmr/bx/n/10 ica 
 []


Overfull \hbox (20.5485pt too wide) in paragraph at lines 22--23
 \OT1/cmr/bx/n/10 par- 
 []


Overfull \hbox (12.61797pt too wide) in paragraph at lines 22--23
 \OT1/cmr/bx/n/10 al- 
 []


Overfull \hbox (17.2499pt too wide) in paragraph at lines 22--23
 \OT1/cmr/bx/n/10 lela 
 []

! Undefined control sequence.
l.32 {\large
            } \\
The control sequence at the end of the top line
of your error message was never \def'ed. If you have
misspelled it (e.g., `\hobx'), type `I' and the correct
spelling (e.g., `I\hbox'). Otherwise just continue,
and I'll forget about whatever was undefined.


Overfull \hbox (20.0pt too wide) in paragraph at lines 36--36
[] 
 []

! Undefined control sequence.
l.37 	{\large
              \textbf{Tesi magistrale}} \\
The control sequence at the end of the top line
of your error message was never \def'ed. If you have
misspelled it (e.g., `\hobx'), type `I' and the correct
spelling (e.g., `I\hbox'). Otherwise just continue,
and I'll forget about whatever was undefined.


Overfull \hbox (20.04294pt too wide) in paragraph at lines 37--37
 \OT1/cmr/bx/n/10 Tesi
 []


Overfull \hbox (32.48729pt too wide) in paragraph at lines 37--37
 \OT1/cmr/bx/n/10 magis-
 []


Overfull \hbox (23.26376pt too wide) in paragraph at lines 37--37
 \OT1/cmr/bx/n/10 trale
 []

! Undefined control sequence.
<recently read> \large 
                       
l.38 	\large
            {Daniele Ravasio, mat. 1045934} \\
The control sequence at the end of the top line
of your error message was never \def'ed. If you have
misspelled it (e.g., `\hobx'), type `I' and the correct
spelling (e.g., `I\hbox'). Otherwise just continue,
and I'll forget about whatever was undefined.

Missing character: There is no D in font nullfont!
Missing character: There is no a in font nullfont!
Missing character: There is no n in font nullfont!
Missing character: There is no i in font nullfont!
Missing character: There is no e in font nullfont!
Missing character: There is no l in font nullfont!
Missing character: There is no e in font nullfont!
Missing character: There is no R in font nullfont!
Missing character: There is no a in font nullfont!
Missing character: There is no v in font nullfont!
Missing character: There is no a in font nullfont!
Missing character: There is no s in font nullfont!
Missing character: There is no i in font nullfont!
Missing character: There is no o in font nullfont!
Missing character: There is no , in font nullfont!
Missing character: There is no m in font nullfont!
Missing character: There is no a in font nullfont!
Missing character: There is no t in font nullfont!
Missing character: There is no . in font nullfont!
Missing character: There is no 1 in font nullfont!
Missing character: There is no 0 in font nullfont!
Missing character: There is no 4 in font nullfont!
Missing character: There is no 5 in font nullfont!
Missing character: There is no 9 in font nullfont!
Missing character: There is no 3 in font nullfont!
Missing character: There is no 4 in font nullfont!
! Undefined control sequence.
<recently read> \large 
                       
l.39 	\large
            {Simone Cortinovis, mat. } \\
The control sequence at the end of the top line
of your error message was never \def'ed. If you have
misspelled it (e.g., `\hobx'), type `I' and the correct
spelling (e.g., `I\hbox'). Otherwise just continue,
and I'll forget about whatever was undefined.

Missing character: There is no S in font nullfont!
Missing character: There is no i in font nullfont!
Missing character: There is no m in font nullfont!
Missing character: There is no o in font nullfont!
Missing character: There is no n in font nullfont!
Missing character: There is no e in font nullfont!
Missing character: There is no C in font nullfont!
Missing character: There is no o in font nullfont!
Missing character: There is no r in font nullfont!
Missing character: There is no t in font nullfont!
Missing character: There is no i in font nullfont!
Missing character: There is no n in font nullfont!
Missing character: There is no o in font nullfont!
Missing character: There is no v in font nullfont!
Missing character: There is no i in font nullfont!
Missing character: There is no s in font nullfont!
Missing character: There is no , in font nullfont!
Missing character: There is no m in font nullfont!
Missing character: There is no a in font nullfont!
Missing character: There is no t in font nullfont!
Missing character: There is no . in font nullfont!

Overfull \hbox (20.0pt too wide) in paragraph at lines 44--44
[] 
 []

! Undefined control sequence.
l.45     {\large
                {\bf Anno Accademico 2020-2021}}
The control sequence at the end of the top line
of your error message was never \def'ed. If you have
misspelled it (e.g., `\hobx'), type `I' and the correct
spelling (e.g., `I\hbox'). Otherwise just continue,
and I'll forget about whatever was undefined.

! Undefined control sequence.
l.45     {\large{\bf
                     Anno Accademico 2020-2021}}
The control sequence at the end of the top line
of your error message was never \def'ed. If you have
misspelled it (e.g., `\hobx'), type `I' and the correct
spelling (e.g., `I\hbox'). Otherwise just continue,
and I'll forget about whatever was undefined.

Missing character: There is no A in font nullfont!
Missing character: There is no n in font nullfont!
Missing character: There is no n in font nullfont!
Missing character: There is no o in font nullfont!
Missing character: There is no A in font nullfont!
Missing character: There is no c in font nullfont!
Missing character: There is no c in font nullfont!
Missing character: There is no a in font nullfont!
Missing character: There is no d in font nullfont!
Missing character: There is no e in font nullfont!
Missing character: There is no m in font nullfont!
Missing character: There is no i in font nullfont!
Missing character: There is no c in font nullfont!
Missing character: There is no o in font nullfont!
Missing character: There is no 2 in font nullfont!
Missing character: There is no 0 in font nullfont!
Missing character: There is no 2 in font nullfont!
Missing character: There is no 0 in font nullfont!
Missing character: There is no - in font nullfont!
Missing character: There is no 2 in font nullfont!
Missing character: There is no 0 in font nullfont!
Missing character: There is no 2 in font nullfont!
Missing character: There is no 1 in font nullfont!
! Undefined control sequence.
l.48 \restoregeometry
                     
The control sequence at the end of the top line
of your error message was never \def'ed. If you have
misspelled it (e.g., `\hobx'), type `I' and the correct
spelling (e.g., `I\hbox'). Otherwise just continue,
and I'll forget about whatever was undefined.


! LaTeX Error: \begin{document} ended by \end{titlepage}.

See the LaTeX manual or LaTeX Companion for explanation.
Type  H <return>  for immediate help.
 ...                                              
                                                  
l.50 \end{titlepage}
                    
Your command was ignored.
Type  I <command> <return>  to replace it with another command,
or  <return>  to continue without it.

)
! Emergency stop.
<*> begin.tex
             
*** (job aborted, no legal \end found)

 
Here is how much of TeX's memory you used:
 12 strings out of 492616
 186 string characters out of 6129482
 59212 words of memory out of 5000000
 4031 multiletter control sequences out of 15000+600000
 4249 words of font info for 16 fonts, out of 8000000 for 9000
 1141 hyphenation exceptions out of 8191
 13i,3n,10p,145b,146s stack positions out of 5000i,500n,10000p,200000b,80000s
!  ==> Fatal error occurred, no output PDF file produced!
